This is pdfTeX, Version 3.14159265-2.6-1.40.16 (TeX Live 2015/Debian) (preloaded format=latex 2018.5.9)  9 MAY 2018 13:57
entering extended mode
 restricted \write18 enabled.
 %&-line parsing enabled.
**project2CS444.tex
(./project2CS444.tex
LaTeX2e <2016/02/01>
Babel <3.9q> and hyphenation patterns for 3 language(s) loaded.
(./IEEEtran.cls
Document Class: IEEEtran 2015/08/26 V1.8b by Michael Shell
-- See the "IEEEtran_HOWTO" manual for usage information.
-- http://www.michaelshell.org/tex/ieeetran/
\@IEEEtrantmpdimenA=\dimen102
\@IEEEtrantmpdimenB=\dimen103
\@IEEEtrantmpdimenC=\dimen104
\@IEEEtrantmpcountA=\count79
\@IEEEtrantmpcountB=\count80
\@IEEEtrantmpcountC=\count81
\@IEEEtrantmptoksA=\toks14
LaTeX Font Info:    Try loading font information for OT1+ppl on input line 503.

(/usr/share/texlive/texmf-dist/tex/latex/psnfss/ot1ppl.fd
File: ot1ppl.fd 2001/06/04 font definitions for OT1/ppl.
)
-- Using IEEE Computer Society mode.
-- Using 8.5in x 11in (letter) paper.
-- Using DVI output.
\@IEEEnormalsizeunitybaselineskip=\dimen105
-- This is a 10 point document.
\CLASSINFOnormalsizebaselineskip=\dimen106
\CLASSINFOnormalsizeunitybaselineskip=\dimen107
\IEEEnormaljot=\dimen108
LaTeX Font Info:    Font shape `OT1/ppl/bx/n' in size <5.01874> not available
(Font)              Font shape `OT1/ppl/b/n' tried instead on input line 1090.
LaTeX Font Info:    Font shape `OT1/ppl/bx/it' in size <5.01874> not available
(Font)              Font shape `OT1/ppl/b/it' tried instead on input line 1090.

LaTeX Font Info:    Font shape `OT1/ppl/bx/n' in size <7.02625> not available
(Font)              Font shape `OT1/ppl/b/n' tried instead on input line 1090.
LaTeX Font Info:    Font shape `OT1/ppl/bx/it' in size <7.02625> not available
(Font)              Font shape `OT1/ppl/b/it' tried instead on input line 1090.

LaTeX Font Info:    Font shape `OT1/ppl/bx/n' in size <8.03> not available
(Font)              Font shape `OT1/ppl/b/n' tried instead on input line 1090.
LaTeX Font Info:    Font shape `OT1/ppl/bx/it' in size <8.03> not available
(Font)              Font shape `OT1/ppl/b/it' tried instead on input line 1090.

LaTeX Font Info:    Font shape `OT1/ppl/bx/n' in size <9.03374> not available
(Font)              Font shape `OT1/ppl/b/n' tried instead on input line 1090.
LaTeX Font Info:    Font shape `OT1/ppl/bx/it' in size <9.03374> not available
(Font)              Font shape `OT1/ppl/b/it' tried instead on input line 1090.

LaTeX Font Info:    Font shape `OT1/ppl/bx/n' in size <9.53561> not available
(Font)              Font shape `OT1/ppl/b/n' tried instead on input line 1090.
LaTeX Font Info:    Font shape `OT1/ppl/bx/it' in size <9.53561> not available
(Font)              Font shape `OT1/ppl/b/it' tried instead on input line 1090.

LaTeX Font Info:    Font shape `OT1/ppl/bx/n' in size <11.04124> not available
(Font)              Font shape `OT1/ppl/b/n' tried instead on input line 1090.
LaTeX Font Info:    Font shape `OT1/ppl/bx/it' in size <11.04124> not available

(Font)              Font shape `OT1/ppl/b/it' tried instead on input line 1090.

LaTeX Font Info:    Font shape `OT1/ppl/bx/n' in size <12.045> not available
(Font)              Font shape `OT1/ppl/b/n' tried instead on input line 1090.
LaTeX Font Info:    Font shape `OT1/ppl/bx/it' in size <12.045> not available
(Font)              Font shape `OT1/ppl/b/it' tried instead on input line 1090.

LaTeX Font Info:    Font shape `OT1/ppl/bx/n' in size <17.06374> not available
(Font)              Font shape `OT1/ppl/b/n' tried instead on input line 1090.
LaTeX Font Info:    Font shape `OT1/ppl/bx/it' in size <17.06374> not available

(Font)              Font shape `OT1/ppl/b/it' tried instead on input line 1090.

LaTeX Font Info:    Font shape `OT1/ppl/bx/n' in size <20.075> not available
(Font)              Font shape `OT1/ppl/b/n' tried instead on input line 1090.
LaTeX Font Info:    Font shape `OT1/ppl/bx/it' in size <20.075> not available
(Font)              Font shape `OT1/ppl/b/it' tried instead on input line 1090.

LaTeX Font Info:    Font shape `OT1/ppl/bx/n' in size <24.09> not available
(Font)              Font shape `OT1/ppl/b/n' tried instead on input line 1090.
LaTeX Font Info:    Font shape `OT1/ppl/bx/it' in size <24.09> not available
(Font)              Font shape `OT1/ppl/b/it' tried instead on input line 1090.

\IEEEquantizedlength=\dimen109
\IEEEquantizedlengthdiff=\dimen110
\IEEEquantizedtextheightdiff=\dimen111
\IEEEilabelindentA=\dimen112
\IEEEilabelindentB=\dimen113
\IEEEilabelindent=\dimen114
\IEEEelabelindent=\dimen115
\IEEEdlabelindent=\dimen116
\IEEElabelindent=\dimen117
\IEEEiednormlabelsep=\dimen118
\IEEEiedmathlabelsep=\dimen119
\IEEEiedtopsep=\skip41
\c@section=\count82
\c@subsection=\count83
\c@subsubsection=\count84
\c@paragraph=\count85
\c@IEEEsubequation=\count86
\abovecaptionskip=\skip42
\belowcaptionskip=\skip43
\c@figure=\count87
\c@table=\count88
\@IEEEeqnnumcols=\count89
\@IEEEeqncolcnt=\count90
\@IEEEsubeqnnumrollback=\count91
\@IEEEquantizeheightA=\dimen120
\@IEEEquantizeheightB=\dimen121
\@IEEEquantizeheightC=\dimen122
\@IEEEquantizeprevdepth=\dimen123
\@IEEEquantizemultiple=\count92
\@IEEEquantizeboxA=\box26
\@IEEEtmpitemindent=\dimen124
\IEEEPARstartletwidth=\dimen125
\c@IEEEbiography=\count93
\@IEEEtranrubishbin=\box27
) (/usr/share/texlive/texmf-dist/tex/latex/graphics/graphicx.sty
Package: graphicx 2014/10/28 v1.0g Enhanced LaTeX Graphics (DPC,SPQR)

(/usr/share/texlive/texmf-dist/tex/latex/graphics/keyval.sty
Package: keyval 2014/10/28 v1.15 key=value parser (DPC)
\KV@toks@=\toks15
)
(/usr/share/texlive/texmf-dist/tex/latex/graphics/graphics.sty
Package: graphics 2016/01/03 v1.0q Standard LaTeX Graphics (DPC,SPQR)

(/usr/share/texlive/texmf-dist/tex/latex/graphics/trig.sty
Package: trig 2016/01/03 v1.10 sin cos tan (DPC)
)
(/usr/share/texlive/texmf-dist/tex/latex/latexconfig/graphics.cfg
File: graphics.cfg 2010/04/23 v1.9 graphics configuration of TeX Live
)
Package graphics Info: Driver file: dvips.def on input line 95.

(/usr/share/texlive/texmf-dist/tex/latex/graphics/dvips.def
File: dvips.def 2015/12/30 v3.0k Driver-dependent file (DPC,SPQR)
))
\Gin@req@height=\dimen126
\Gin@req@width=\dimen127
)
(/usr/share/texlive/texmf-dist/tex/latex/url/url.sty
\Urlmuskip=\muskip10
Package: url 2013/09/16  ver 3.4  Verb mode for urls, etc.
)
(/usr/share/texlive/texmf-dist/tex/latex/setspace/setspace.sty
Package: setspace 2011/12/19 v6.7a set line spacing
)
(/usr/share/texlive/texmf-dist/tex/latex/geometry/geometry.sty
Package: geometry 2010/09/12 v5.6 Page Geometry

(/usr/share/texlive/texmf-dist/tex/generic/oberdiek/ifpdf.sty
Package: ifpdf 2011/01/30 v2.3 Provides the ifpdf switch (HO)
Package ifpdf Info: pdfTeX in PDF mode is not detected.
)
(/usr/share/texlive/texmf-dist/tex/generic/oberdiek/ifvtex.sty
Package: ifvtex 2010/03/01 v1.5 Detect VTeX and its facilities (HO)
Package ifvtex Info: VTeX not detected.
)
(/usr/share/texlive/texmf-dist/tex/generic/ifxetex/ifxetex.sty
Package: ifxetex 2010/09/12 v0.6 Provides ifxetex conditional
)
\Gm@cnth=\count94
\Gm@cntv=\count95
\c@Gm@tempcnt=\count96
\Gm@bindingoffset=\dimen128
\Gm@wd@mp=\dimen129
\Gm@odd@mp=\dimen130
\Gm@even@mp=\dimen131
\Gm@layoutwidth=\dimen132
\Gm@layoutheight=\dimen133
\Gm@layouthoffset=\dimen134
\Gm@layoutvoffset=\dimen135
\Gm@dimlist=\toks16
)
(./project2CS444.aux)
\openout1 = `project2CS444.aux'.

LaTeX Font Info:    Checking defaults for OML/cmm/m/it on input line 20.
LaTeX Font Info:    ... okay on input line 20.
LaTeX Font Info:    Checking defaults for T1/cmr/m/n on input line 20.
LaTeX Font Info:    ... okay on input line 20.
LaTeX Font Info:    Checking defaults for OT1/cmr/m/n on input line 20.
LaTeX Font Info:    ... okay on input line 20.
LaTeX Font Info:    Checking defaults for OMS/cmsy/m/n on input line 20.
LaTeX Font Info:    ... okay on input line 20.
LaTeX Font Info:    Checking defaults for OMX/cmex/m/n on input line 20.
LaTeX Font Info:    ... okay on input line 20.
LaTeX Font Info:    Checking defaults for U/cmr/m/n on input line 20.
LaTeX Font Info:    ... okay on input line 20.

-- Lines per column: 39 (approximate, difference = 14.73578pt).
*geometry* driver: auto-detecting
*geometry* detected driver: dvips
*geometry* verbose mode - [ preamble ] result:
* driver: dvips
* paper: <default>
* layout: <same size as paper>
* layoutoffset:(h,v)=(0.0pt,0.0pt)
* modes: 
* h-part:(L,W,R)=(54.2025pt, 505.89pt, 54.2025pt)
* v-part:(T,H,B)=(43.362pt, 686.56499pt, 65.043pt)
* \paperwidth=614.295pt
* \paperheight=794.96999pt
* \textwidth=505.89pt
* \textheight=686.56499pt
* \oddsidemargin=-18.06749pt
* \evensidemargin=-18.06749pt
* \topmargin=-47.60587pt
* \headheight=12.0pt
* \headsep=6.69788pt
* \topskip=11.58327pt
* \footskip=19.1765pt
* \marginparwidth=20.0pt
* \marginparsep=10.0pt
* \columnsep=12.045pt
* \skip\footins=15.63728pt plus 6.94984pt minus 3.47491pt
* \hoffset=0.0pt
* \voffset=0.0pt
* \mag=1000
* \@twocolumnfalse
* \@twosidefalse
* \@mparswitchfalse
* \@reversemarginfalse
* (1in=72.27pt=25.4mm, 1cm=28.453pt)

LaTeX Font Info:    Try loading font information for OT1+phv on input line 42.
(/usr/share/texlive/texmf-dist/tex/latex/psnfss/ot1phv.fd
File: ot1phv.fd 2001/06/04 scalable font definitions for OT1/phv.
)
LaTeX Font Info:    Font shape `OT1/phv/bx/n' in size <8.03> not available
(Font)              Font shape `OT1/phv/b/n' tried instead on input line 42.
 [1]
LaTeX Font Info:    Font shape `OT1/phv/bx/n' in size <11.04124> not available
(Font)              Font shape `OT1/phv/b/n' tried instead on input line 48.
LaTeX Font Info:    Font shape `OT1/phv/bx/sc' in size <11.04124> not available

(Font)              Font shape `OT1/phv/b/sc' tried instead on input line 48.
LaTeX Font Info:    Calculating math sizes for size <9.53561> on input line 49.

LaTeX Font Info:    External font `cmex10' loaded for size
(Font)              <9.53561> on input line 49.
LaTeX Font Info:    External font `cmex10' loaded for size
(Font)              <6.6749> on input line 49.
LaTeX Font Info:    External font `cmex10' loaded for size
(Font)              <4.7678> on input line 49.
LaTeX Font Info:    Font shape `OT1/phv/bx/n' in size <9.53561> not available
(Font)              Font shape `OT1/phv/b/n' tried instead on input line 78.
 [2] [3] [4]
Underfull \hbox (badness 10000) in paragraph at lines 121--121

 []


Underfull \hbox (badness 10000) in paragraph at lines 126--126

 []


Underfull \hbox (badness 10000) in paragraph at lines 131--131

 []


Underfull \hbox (badness 10000) in paragraph at lines 135--135

 []


Underfull \hbox (badness 10000) in paragraph at lines 140--140

 []


Underfull \hbox (badness 10000) in paragraph at lines 145--145

 []


Underfull \hbox (badness 10000) in paragraph at lines 151--151

 []


Underfull \hbox (badness 10000) in paragraph at lines 156--156

 []

[5]
Underfull \hbox (badness 10000) in paragraph at lines 161--161

 []


Underfull \hbox (badness 10000) in paragraph at lines 166--166

 []


Underfull \hbox (badness 10000) in paragraph at lines 171--171

 []


Underfull \hbox (badness 10000) in paragraph at lines 176--176

 []


Underfull \hbox (badness 10000) in paragraph at lines 182--182

 []


Underfull \hbox (badness 10000) in paragraph at lines 187--187

 []


Underfull \hbox (badness 10000) in paragraph at lines 193--193

 []

[6]
Underfull \hbox (badness 10000) in paragraph at lines 198--198

 []


Underfull \hbox (badness 10000) in paragraph at lines 203--203

 []


Underfull \hbox (badness 10000) in paragraph at lines 209--209

 []


Underfull \hbox (badness 10000) in paragraph at lines 214--214

 []


Underfull \hbox (badness 10000) in paragraph at lines 219--219

 []


Underfull \hbox (badness 10000) in paragraph at lines 225--225

 []


Underfull \hbox (badness 10000) in paragraph at lines 230--230

 []

[7]
Underfull \hbox (badness 10000) in paragraph at lines 235--235

 []


Underfull \hbox (badness 10000) in paragraph at lines 241--241

 []


Underfull \hbox (badness 10000) in paragraph at lines 246--246

 []


Underfull \hbox (badness 10000) in paragraph at lines 251--251

 []


Underfull \hbox (badness 10000) in paragraph at lines 257--257

 []


Underfull \hbox (badness 10000) in paragraph at lines 264--264

 []


Underfull \hbox (badness 10000) in paragraph at lines 269--269

 []

[8]
Underfull \hbox (badness 10000) in paragraph at lines 274--274

 []


Underfull \hbox (badness 10000) in paragraph at lines 279--279

 []


Underfull \hbox (badness 10000) in paragraph at lines 284--284

 []


Underfull \hbox (badness 10000) in paragraph at lines 292--292

 []


Underfull \hbox (badness 10000) in paragraph at lines 297--297

 []


Underfull \hbox (badness 10000) in paragraph at lines 302--302

 []


Underfull \hbox (badness 10000) in paragraph at lines 307--307

 []


Underfull \hbox (badness 10000) in paragraph at lines 312--321

 []


Underfull \hbox (badness 10000) in paragraph at lines 312--321

 []


Underfull \hbox (badness 10000) in paragraph at lines 312--321

 []

[9] (./project2CS444.bbl
LaTeX Font Info:    Calculating math sizes for size <8.03> on input line 27.
LaTeX Font Info:    External font `cmex10' loaded for size
(Font)              <8.03> on input line 27.
LaTeX Font Info:    External font `cmex10' loaded for size
(Font)              <5.62097> on input line 27.
LaTeX Font Info:    External font `cmex10' loaded for size
(Font)              <4.015> on input line 27.
) [10] (./project2CS444.aux) ) 
Here is how much of TeX's memory you used:
 2074 strings out of 494954
 33989 string characters out of 6181004
 93670 words of memory out of 5000000
 5386 multiletter control sequences out of 15000+600000
 27453 words of font info for 70 fonts, out of 8000000 for 9000
 14 hyphenation exceptions out of 8191
 26i,6n,19p,1000b,353s stack positions out of 5000i,500n,10000p,200000b,80000s

Output written on project2CS444.dvi (10 pages, 26144 bytes).
